mode: set
shadowproject/common/errors/shadowerror.go:9.43,14.2 1 0
shadowproject/common/errors/shadowerror.go:16.38,18.2 1 1
shadowproject/common/errors/shadowerror.go:20.40,22.2 1 1
shadowproject/common/task.go:19.81,32.2 9 0
shadowproject/common/task.go:35.35,38.23 2 0
shadowproject/common/task.go:41.2,41.23 1 0
shadowproject/common/task.go:44.2,44.25 1 0
shadowproject/common/task.go:47.2,47.25 1 0
shadowproject/common/task.go:51.2,51.18 1 0
shadowproject/common/task.go:38.23,40.3 1 0
shadowproject/common/task.go:41.23,43.3 1 0
shadowproject/common/task.go:44.25,46.3 1 0
shadowproject/common/task.go:47.25,49.3 1 0
shadowproject/common/task.go:55.38,58.2 2 1
shadowproject/common/task.go:60.29,61.55 1 1
shadowproject/common/task.go:61.55,63.3 1 0
shadowproject/nodeproxy/conf.go:20.59,22.16 2 1
shadowproject/nodeproxy/conf.go:25.2,25.29 1 1
shadowproject/nodeproxy/conf.go:22.16,24.3 1 0
shadowproject/nodeproxy/main.go:18.13,36.2 6 0
shadowproject/nodeproxy/proxy.go:16.50,21.16 4 1
shadowproject/nodeproxy/proxy.go:28.2,28.13 1 1
shadowproject/nodeproxy/proxy.go:21.16,25.5 1 0
shadowproject/nodeproxy/proxy.go:32.51,40.29 5 1
shadowproject/nodeproxy/proxy.go:46.2,48.59 2 1
shadowproject/nodeproxy/proxy.go:40.29,42.3 1 0
shadowproject/nodeproxy/proxy.go:42.3,44.3 1 1
shadowproject/nodeproxy/proxy.go:53.66,55.15 1 1
shadowproject/nodeproxy/proxy.go:62.2,67.16 4 1
shadowproject/nodeproxy/proxy.go:71.2,84.16 8 1
shadowproject/nodeproxy/proxy.go:89.2,89.43 1 1
shadowproject/nodeproxy/proxy.go:100.2,104.6 3 1
shadowproject/nodeproxy/proxy.go:55.15,56.31 1 1
shadowproject/nodeproxy/proxy.go:56.31,59.4 2 0
shadowproject/nodeproxy/proxy.go:67.16,68.13 1 0
shadowproject/nodeproxy/proxy.go:84.16,85.13 1 0
shadowproject/nodeproxy/proxy.go:89.43,90.32 1 1
shadowproject/nodeproxy/proxy.go:90.32,91.14 1 1
shadowproject/nodeproxy/proxy.go:91.14,93.5 1 1
shadowproject/nodeproxy/proxy.go:93.5,95.5 1 0
shadowproject/nodeproxy/proxy.go:104.6,108.12 2 1
shadowproject/nodeproxy/proxy.go:113.3,113.20 1 1
shadowproject/nodeproxy/proxy.go:108.12,110.4 1 1
shadowproject/nodeproxy/proxy.go:113.20,114.9 1 1
