mode: set
shadowproject/common/errors/shadowerror.go:9.43,14.2 1 0
shadowproject/common/errors/shadowerror.go:16.37,18.2 1 1
shadowproject/common/errors/shadowerror.go:20.39,22.2 1 1
shadowproject/common/task.go:23.96,38.2 11 0
shadowproject/common/task.go:40.96,50.2 7 0
shadowproject/common/task.go:53.35,56.23 2 0
shadowproject/common/task.go:59.2,59.23 1 0
shadowproject/common/task.go:62.2,62.25 1 0
shadowproject/common/task.go:65.2,65.25 1 0
shadowproject/common/task.go:68.2,68.24 1 0
shadowproject/common/task.go:72.2,72.18 1 0
shadowproject/common/task.go:56.23,58.3 1 0
shadowproject/common/task.go:59.23,61.3 1 0
shadowproject/common/task.go:62.25,64.3 1 0
shadowproject/common/task.go:65.25,67.3 1 0
shadowproject/common/task.go:68.24,70.3 1 0
shadowproject/common/task.go:76.38,79.2 2 1
shadowproject/common/task.go:81.29,83.64 2 1
shadowproject/common/task.go:83.64,86.3 2 0
shadowproject/common/volumes/s3.go:23.51,25.16 2 1
shadowproject/common/volumes/s3.go:32.2,32.20 1 1
shadowproject/common/volumes/s3.go:25.16,29.5 1 0
shadowproject/common/volumes/s3.go:36.56,41.16 3 1
shadowproject/common/volumes/s3.go:49.2,52.16 3 1
shadowproject/common/volumes/s3.go:59.2,60.16 2 1
shadowproject/common/volumes/s3.go:66.2,72.24 3 1
shadowproject/common/volumes/s3.go:41.16,45.5 1 0
shadowproject/common/volumes/s3.go:52.16,56.5 1 0
shadowproject/common/volumes/s3.go:60.16,64.5 1 0
shadowproject/common/volumes/s3.go:77.42,79.16 2 1
shadowproject/common/volumes/s3.go:79.16,83.5 1 0
shadowproject/nodeproxy/main.go:22.25,26.56 3 0
shadowproject/nodeproxy/main.go:40.2,40.44 1 0
shadowproject/nodeproxy/main.go:26.56,27.39 1 0
shadowproject/nodeproxy/main.go:27.39,29.18 2 0
shadowproject/nodeproxy/main.go:34.4,36.21 3 0
shadowproject/nodeproxy/main.go:29.18,32.13 2 0
shadowproject/nodeproxy/main.go:43.13,60.12 6 0
shadowproject/nodeproxy/main.go:70.2,71.68 2 0
shadowproject/nodeproxy/main.go:60.12,62.7 2 0
shadowproject/nodeproxy/main.go:66.3,66.47 1 0
shadowproject/nodeproxy/main.go:62.7,65.4 2 0
shadowproject/nodeproxy/proxy.go:15.50,20.16 4 1
shadowproject/nodeproxy/proxy.go:27.2,27.13 1 1
shadowproject/nodeproxy/proxy.go:20.16,24.5 1 0
shadowproject/nodeproxy/proxy.go:31.51,44.29 6 1
shadowproject/nodeproxy/proxy.go:51.2,54.59 2 1
shadowproject/nodeproxy/proxy.go:44.29,46.3 1 0
shadowproject/nodeproxy/proxy.go:46.3,48.3 1 1
shadowproject/nodeproxy/proxy.go:59.66,61.15 1 1
shadowproject/nodeproxy/proxy.go:68.2,73.16 4 1
shadowproject/nodeproxy/proxy.go:80.2,93.16 8 1
shadowproject/nodeproxy/proxy.go:98.2,98.43 1 1
shadowproject/nodeproxy/proxy.go:109.2,113.6 3 1
shadowproject/nodeproxy/proxy.go:61.15,62.31 1 1
shadowproject/nodeproxy/proxy.go:62.31,65.4 2 0
shadowproject/nodeproxy/proxy.go:73.16,77.5 1 0
shadowproject/nodeproxy/proxy.go:93.16,94.13 1 0
shadowproject/nodeproxy/proxy.go:98.43,99.32 1 1
shadowproject/nodeproxy/proxy.go:99.32,100.14 1 1
shadowproject/nodeproxy/proxy.go:100.14,102.5 1 1
shadowproject/nodeproxy/proxy.go:102.5,104.5 1 0
shadowproject/nodeproxy/proxy.go:113.6,117.12 2 1
shadowproject/nodeproxy/proxy.go:122.3,122.20 1 1
shadowproject/nodeproxy/proxy.go:117.12,119.4 1 1
shadowproject/nodeproxy/proxy.go:122.20,123.9 1 1
shadowproject/nodeproxy/conf.go:25.59,27.16 2 1
shadowproject/nodeproxy/conf.go:30.2,30.29 1 1
shadowproject/nodeproxy/conf.go:27.16,29.3 1 0
